recycleapp/build/app/intermediates/manifest_merge_blame_file/debug/manifest-merger-blame-debug-report.txt
1<?xml version="1.0" encoding="utf-8"?>
2<manifest xmlns:android="http://schemas.android.com/apk/res/android"
3    package="com.example.recycleapp"
4    android:versionCode="1"
5    android:versionName="1.0.0" >
6
7    <uses-sdk
8        android:minSdkVersion="21"
9        android:targetSdkVersion="30" />
10    <!--
11         Flutter needs it to communicate with the running application
12         to allow setting breakpoints, to provide hot reload, etc.
13    -->
14    <uses-permission android:name="android.permission.INTERNET" />
14-->src\debug\AndroidManifest.xml:6:5-66
14-->src\debug\AndroidManifest.xml:6:22-64
15    <!-- Include required permissions for Google Maps API to run. -->
16    <uses-permission android:name="android.permission.ACCESS_NETWORK_STATE" />
16-->[com.google.android.gms:play-services-maps:17.0.0] AndroidManifest.xml:23:5-79
16-->[com.google.android.gms:play-services-maps:17.0.0] AndroidManifest.xml:23:22-76
17
18    <uses-feature
18-->[com.google.android.gms:play-services-maps:17.0.0] AndroidManifest.xml:26:5-28:35
19        android:glEsVersion="0x00020000"
19-->[com.google.android.gms:play-services-maps:17.0.0] AndroidManifest.xml:27:9-41
20        android:required="true" />
20-->[com.google.android.gms:play-services-maps:17.0.0] AndroidManifest.xml:28:9-32
21
22    <application
22-->src\main\AndroidManifest.xml:3:4-44:19
23        android:appComponentFactory="androidx.core.app.CoreComponentFactory"
23-->[androidx.core:core:1.1.0] AndroidManifest.xml:24:18-86
24        android:debuggable="true"
25        android:icon="@mipmap/ic_launcher"
25-->src\main\AndroidManifest.xml:5:9-43
26        android:label="recycleapp" >
26-->src\main\AndroidManifest.xml:4:9-35
27        <activity
27-->src\main\AndroidManifest.xml:8:9-36:20
28            android:name="com.example.recycleapp.MainActivity"
28-->src\main\AndroidManifest.xml:9:13-41
29            android:configChanges="orientation|keyboardHidden|keyboard|screenSize|smallestScreenSize|locale|layoutDirection|fontScale|screenLayout|density|uiMode"
29-->src\main\AndroidManifest.xml:12:13-163
30            android:hardwareAccelerated="true"
30-->src\main\AndroidManifest.xml:13:13-47
31            android:launchMode="singleTop"
31-->src\main\AndroidManifest.xml:10:13-43
32            android:theme="@style/LaunchTheme"
32-->src\main\AndroidManifest.xml:11:13-47
33            android:windowSoftInputMode="adjustResize" >
33-->src\main\AndroidManifest.xml:14:13-55
34
35            <!--
36                 Specifies an Android theme to apply to this Activity as soon as
37                 the Android process has started. This theme is visible to the user
38                 while the Flutter UI initializes. After that, this theme continues
39                 to determine the Window background behind the Flutter UI.
40            -->
41            <meta-data
41-->src\main\AndroidManifest.xml:19:13-22:17
42                android:name="io.flutter.embedding.android.NormalTheme"
42-->src\main\AndroidManifest.xml:20:15-70
43                android:resource="@style/NormalTheme" />
43-->src\main\AndroidManifest.xml:21:15-52
44            <!--
45                 Displays an Android View that continues showing the launch screen
46                 Drawable until Flutter paints its first frame, then this splash
47                 screen fades out. A splash screen is useful to avoid any visual
48                 gap between the end of Android's launch screen and the painting of
49                 Flutter's first frame.
50            -->
51            <meta-data
51-->src\main\AndroidManifest.xml:28:13-31:17
52                android:name="io.flutter.embedding.android.SplashScreenDrawable"
52-->src\main\AndroidManifest.xml:29:15-79
53                android:resource="@drawable/launch_background" />
53-->src\main\AndroidManifest.xml:30:15-61
54
55            <intent-filter>
55-->src\main\AndroidManifest.xml:32:13-35:29
56                <action android:name="android.intent.action.MAIN" />
56-->src\main\AndroidManifest.xml:33:17-68
56-->src\main\AndroidManifest.xml:33:25-66
57
58                <category android:name="android.intent.category.LAUNCHER" />
58-->src\main\AndroidManifest.xml:34:17-76
58-->src\main\AndroidManifest.xml:34:27-74
59            </intent-filter>
60        </activity>
61        <!--
62             Don't delete the meta-data below.
63             This is used by the Flutter tool to generate GeneratedPluginRegistrant.java
64        -->
65        <meta-data
65-->src\main\AndroidManifest.xml:39:9-41:33
66            android:name="flutterEmbedding"
66-->src\main\AndroidManifest.xml:40:13-44
67            android:value="2" />
67-->src\main\AndroidManifest.xml:41:13-30
68        <meta-data
68-->src\main\AndroidManifest.xml:42:9-43:73
69            android:name="com.google.android.geo.API_KEY"
69-->src\main\AndroidManifest.xml:42:20-65
70            android:value="AIzaSyDe1Gi9pLZ0wQt8wIRxa3S2l3geMfo07I4" />
70-->src\main\AndroidManifest.xml:43:16-71
71
72        <service
72-->[:cloud_firestore] AndroidManifest.xml:8:9-12:19
73            android:name="com.google.firebase.components.ComponentDiscoveryService"
73-->[:cloud_firestore] AndroidManifest.xml:8:18-89
74            android:directBootAware="true"
74-->[com.google.firebase:firebase-common:19.5.0] AndroidManifest.xml:35:13-43
75            android:exported="false" >
75-->[com.google.firebase:firebase-firestore:22.0.1] AndroidManifest.xml:19:13-37
76            <meta-data
76-->[:cloud_firestore] AndroidManifest.xml:9:13-11:85
77                android:name="com.google.firebase.components:io.flutter.plugins.firebase.firestore.FlutterFirebaseFirestoreRegistrar"
77-->[:cloud_firestore] AndroidManifest.xml:10:17-134
78                android:value="com.google.firebase.components.ComponentRegistrar" />
78-->[:cloud_firestore] AndroidManifest.xml:11:17-82
79            <meta-data
79-->[:firebase_core] AndroidManifest.xml:9:13-11:85
80                android:name="com.google.firebase.components:io.flutter.plugins.firebase.core.FlutterFirebaseCoreRegistrar"
80-->[:firebase_core] AndroidManifest.xml:10:17-124
81                android:value="com.google.firebase.components.ComponentRegistrar" />
81-->[:firebase_core] AndroidManifest.xml:11:17-82
82            <meta-data
82-->[com.google.firebase:firebase-firestore:22.0.1] AndroidManifest.xml:20:13-22:85
83                android:name="com.google.firebase.components:com.google.firebase.firestore.FirestoreRegistrar"
83-->[com.google.firebase:firebase-firestore:22.0.1] AndroidManifest.xml:21:17-111
84                android:value="com.google.firebase.components.ComponentRegistrar" />
84-->[com.google.firebase:firebase-firestore:22.0.1] AndroidManifest.xml:22:17-82
85            <!--
86                This registrar is not defined in the dynamic-module-support sdk itself to allow non-firebase
87                clients to use it as well, by defining this registrar in their own core/common library.
88            -->
89            <meta-data
89-->[com.google.firebase:firebase-common:19.5.0] AndroidManifest.xml:43:13-45:85
90                android:name="com.google.firebase.components:com.google.firebase.dynamicloading.DynamicLoadingRegistrar"
90-->[com.google.firebase:firebase-common:19.5.0] AndroidManifest.xml:44:17-121
91                android:value="com.google.firebase.components.ComponentRegistrar" />
91-->[com.google.firebase:firebase-common:19.5.0] AndroidManifest.xml:45:17-82
92        </service> <!-- Needs to be explicitly declared on P+ -->
93        <uses-library
93-->[com.google.android.gms:play-services-maps:17.0.0] AndroidManifest.xml:33:9-35:40
94            android:name="org.apache.http.legacy"
94-->[com.google.android.gms:play-services-maps:17.0.0] AndroidManifest.xml:34:13-50
95            android:required="false" />
95-->[com.google.android.gms:play-services-maps:17.0.0] AndroidManifest.xml:35:13-37
96
97        <activity
97-->[com.google.android.gms:play-services-base:17.0.0] AndroidManifest.xml:23:9-26:75
98            android:name="com.google.android.gms.common.api.GoogleApiActivity"
98-->[com.google.android.gms:play-services-base:17.0.0] AndroidManifest.xml:24:13-79
99            android:exported="false"
99-->[com.google.android.gms:play-services-base:17.0.0] AndroidManifest.xml:25:13-37
100            android:theme="@android:style/Theme.Translucent.NoTitleBar" />
100-->[com.google.android.gms:play-services-base:17.0.0] AndroidManifest.xml:26:13-72
101
102        <provider
102-->[com.google.firebase:firebase-common:19.5.0] AndroidManifest.xml:26:9-31:39
103            android:name="com.google.firebase.provider.FirebaseInitProvider"
103-->[com.google.firebase:firebase-common:19.5.0] AndroidManifest.xml:27:13-77
104            android:authorities="com.example.recycleapp.firebaseinitprovider"
104-->[com.google.firebase:firebase-common:19.5.0] AndroidManifest.xml:28:13-72
105            android:directBootAware="true"
105-->[com.google.firebase:firebase-common:19.5.0] AndroidManifest.xml:29:13-43
106            android:exported="false"
106-->[com.google.firebase:firebase-common:19.5.0] AndroidManifest.xml:30:13-37
107            android:initOrder="100" />
107-->[com.google.firebase:firebase-common:19.5.0] AndroidManifest.xml:31:13-36
108
109        <meta-data
109-->[com.google.android.gms:play-services-basement:17.0.0] AndroidManifest.xml:23:9-25:69
110            android:name="com.google.android.gms.version"
110-->[com.google.android.gms:play-services-basement:17.0.0] AndroidManifest.xml:24:13-58
111            android:value="@integer/google_play_services_version" />
111-->[com.google.android.gms:play-services-basement:17.0.0] AndroidManifest.xml:25:13-66
112    </application>
113
114</manifest>